<?xml version="1.0" encoding="UTF-8"?>
<!-- Generated by org.testng.reporters.JUnitXMLReporter -->
<testsuite hostname="DESKTOP-TIC5DM4" failures="0" tests="18" name="Surefire test" time="196.003" errors="0" timestamp="1 Sep 2024 19:26:04 GMT">
  <testcase classname="com.App.TestCases.testrunner" name="runScenario" time="14.223"/>
  <testcase classname="com.App.TestCases.testrunner" name="runScenario" time="19.218"/>
  <testcase classname="com.App.TestCases.testrunner" name="runScenario" time="12.961"/>
  <testcase classname="com.App.TestCases.testrunner" name="runScenario" time="7.57"/>
  <testcase classname="com.App.TestCases.testrunner" name="runScenario" time="7.514"/>
  <testcase classname="com.App.TestCases.testrunner" name="runScenario" time="13.411"/>
  <testcase classname="com.App.TestCases.testrunner" name="runScenario" time="13.224"/>
  <testcase classname="com.App.TestCases.testrunner" name="runScenario" time="13.031"/>
  <testcase classname="com.App.TestCases.testrunner" name="runScenario" time="13.195"/>
  <testcase classname="com.App.TestCases.testrunner" name="runScenario" time="14.058"/>
  <testcase classname="com.App.TestCases.testrunner" name="runScenario" time="14.095"/>
  <testcase classname="com.App.TestCases.testrunner" name="runScenario" time="8.451"/>
  <testcase classname="com.App.TestCases.testrunner" name="runScenario" time="10.515"/>
  <testcase classname="com.App.TestCases.testrunner" name="runScenario" time="7.858"/>
  <testcase classname="com.App.TestCases.testrunner" name="runScenario" time="9.179"/>
  <testcase classname="com.App.TestCases.testrunner" name="runScenario" time="8.589"/>
  <testcase classname="com.App.TestCases.testrunner" name="runScenario" time="8.491"/>
  <testcase classname="com.App.TestCases.testrunner" name="f" time="0.0"/>
</testsuite> <!-- Surefire test -->
