<?xml version="1.0" encoding="UTF-8"?>
<testng-results total="18" passed="18" failed="0" skipped="0">
  <reporter-output>
  </reporter-output>
  <suite started-at="2024-09-01T19:22:48Z" name="Surefire suite" finished-at="2024-09-01T19:26:04Z" duration-ms="196003">
    <groups>
      <group name="cucumber">
        <method signature="AbstractTestNGCucumberTests.runScenario(io.cucumber.testng.PickleWrapper, io.cucumber.testng.FeatureWrapper)[pri:0, instance:com.App.TestCases.testrunner@103f852]" name="runScenario" class="io.cucumber.testng.AbstractTestNGCucumberTests"/>
      </group> <!-- cucumber -->
    </groups>
    <test started-at="2024-09-01T19:22:48Z" name="Surefire test" finished-at="2024-09-01T19:26:04Z" duration-ms="196003">
      <class name="com.App.TestCases.testrunner">
        <test-method is-config="true" signature="setUpClass()[pri:0, instance:com.App.TestCases.testrunner@103f852]" started-at="2024-09-02T00:52:48Z" name="setUpClass" finished-at="2024-09-02T00:52:48Z" duration-ms="396" status="PASS">
          <reporter-output>
          </reporter-output>
        </test-method> <!-- setUpClass -->
        <test-method signature="runScenario(io.cucumber.testng.PickleWrapper, io.cucumber.testng.FeatureWrapper)[pri:0, instance:com.App.TestCases.testrunner@103f852]" started-at="2024-09-02T00:52:48Z" name="runScenario" description="Runs Cucumber Scenarios" data-provider="scenarios" finished-at="2024-09-02T00:53:02Z" duration-ms="14223" status="PASS">
          <params>
            <param index="0">
              <value>
                <![CDATA["Add a product to the cart"]]>
              </value>
            </param>
            <param index="1">
              <value>
                <![CDATA["Optional[Adding product to the cart]"]]>
              </value>
            </param>
          </params>
          <reporter-output>
          </reporter-output>
        </test-method> <!-- runScenario -->
        <test-method signature="runScenario(io.cucumber.testng.PickleWrapper, io.cucumber.testng.FeatureWrapper)[pri:0, instance:com.App.TestCases.testrunner@103f852]" started-at="2024-09-02T00:53:02Z" name="runScenario" description="Runs Cucumber Scenarios" data-provider="scenarios" finished-at="2024-09-02T00:53:22Z" duration-ms="19218" status="PASS">
          <params>
            <param index="0">
              <value>
                <![CDATA["User can add a multiple products to cart"]]>
              </value>
            </param>
            <param index="1">
              <value>
                <![CDATA["Optional[Adding multiple products to cart]"]]>
              </value>
            </param>
          </params>
          <reporter-output>
          </reporter-output>
        </test-method> <!-- runScenario -->
        <test-method signature="runScenario(io.cucumber.testng.PickleWrapper, io.cucumber.testng.FeatureWrapper)[pri:0, instance:com.App.TestCases.testrunner@103f852]" started-at="2024-09-02T00:53:22Z" name="runScenario" description="Runs Cucumber Scenarios" data-provider="scenarios" finished-at="2024-09-02T00:53:35Z" duration-ms="12961" status="PASS">
          <params>
            <param index="0">
              <value>
                <![CDATA["User enters the application"]]>
              </value>
            </param>
            <param index="1">
              <value>
                <![CDATA["Optional[Testing HOME page]"]]>
              </value>
            </param>
          </params>
          <reporter-output>
          </reporter-output>
        </test-method> <!-- runScenario -->
        <test-method signature="runScenario(io.cucumber.testng.PickleWrapper, io.cucumber.testng.FeatureWrapper)[pri:0, instance:com.App.TestCases.testrunner@103f852]" started-at="2024-09-02T00:53:35Z" name="runScenario" description="Runs Cucumber Scenarios" data-provider="scenarios" finished-at="2024-09-02T00:53:42Z" duration-ms="7570" status="PASS">
          <params>
            <param index="0">
              <value>
                <![CDATA["Successful Login"]]>
              </value>
            </param>
            <param index="1">
              <value>
                <![CDATA["Optional[Login page]"]]>
              </value>
            </param>
          </params>
          <reporter-output>
          </reporter-output>
        </test-method> <!-- runScenario -->
        <test-method signature="runScenario(io.cucumber.testng.PickleWrapper, io.cucumber.testng.FeatureWrapper)[pri:0, instance:com.App.TestCases.testrunner@103f852]" started-at="2024-09-02T00:53:42Z" name="runScenario" description="Runs Cucumber Scenarios" data-provider="scenarios" finished-at="2024-09-02T00:53:50Z" duration-ms="7514" status="PASS">
          <params>
            <param index="0">
              <value>
                <![CDATA["Invalid login"]]>
              </value>
            </param>
            <param index="1">
              <value>
                <![CDATA["Optional[Login page]"]]>
              </value>
            </param>
          </params>
          <reporter-output>
          </reporter-output>
        </test-method> <!-- runScenario -->
        <test-method signature="runScenario(io.cucumber.testng.PickleWrapper, io.cucumber.testng.FeatureWrapper)[pri:0, instance:com.App.TestCases.testrunner@103f852]" started-at="2024-09-02T00:53:50Z" name="runScenario" description="Runs Cucumber Scenarios" data-provider="scenarios" finished-at="2024-09-02T00:54:03Z" duration-ms="13411" status="PASS">
          <params>
            <param index="0">
              <value>
                <![CDATA["Verify the presence and functionality of Fish icon"]]>
              </value>
            </param>
            <param index="1">
              <value>
                <![CDATA["Optional[Icons]"]]>
              </value>
            </param>
          </params>
          <reporter-output>
          </reporter-output>
        </test-method> <!-- runScenario -->
        <test-method signature="runScenario(io.cucumber.testng.PickleWrapper, io.cucumber.testng.FeatureWrapper)[pri:0, instance:com.App.TestCases.testrunner@103f852]" started-at="2024-09-02T00:54:03Z" name="runScenario" description="Runs Cucumber Scenarios" data-provider="scenarios" finished-at="2024-09-02T00:54:16Z" duration-ms="13224" status="PASS">
          <params>
            <param index="0">
              <value>
                <![CDATA["Verify the presence and functionality of Dogs icon"]]>
              </value>
            </param>
            <param index="1">
              <value>
                <![CDATA["Optional[Icons]"]]>
              </value>
            </param>
          </params>
          <reporter-output>
          </reporter-output>
        </test-method> <!-- runScenario -->
        <test-method signature="runScenario(io.cucumber.testng.PickleWrapper, io.cucumber.testng.FeatureWrapper)[pri:0, instance:com.App.TestCases.testrunner@103f852]" started-at="2024-09-02T00:54:16Z" name="runScenario" description="Runs Cucumber Scenarios" data-provider="scenarios" finished-at="2024-09-02T00:54:29Z" duration-ms="13031" status="PASS">
          <params>
            <param index="0">
              <value>
                <![CDATA["Verify the presence and functionality of Cats icon"]]>
              </value>
            </param>
            <param index="1">
              <value>
                <![CDATA["Optional[Icons]"]]>
              </value>
            </param>
          </params>
          <reporter-output>
          </reporter-output>
        </test-method> <!-- runScenario -->
        <test-method signature="runScenario(io.cucumber.testng.PickleWrapper, io.cucumber.testng.FeatureWrapper)[pri:0, instance:com.App.TestCases.testrunner@103f852]" started-at="2024-09-02T00:54:29Z" name="runScenario" description="Runs Cucumber Scenarios" data-provider="scenarios" finished-at="2024-09-02T00:54:43Z" duration-ms="13195" status="PASS">
          <params>
            <param index="0">
              <value>
                <![CDATA["Verify the presence and functionality of Reptiles icon"]]>
              </value>
            </param>
            <param index="1">
              <value>
                <![CDATA["Optional[Icons]"]]>
              </value>
            </param>
          </params>
          <reporter-output>
          </reporter-output>
        </test-method> <!-- runScenario -->
        <test-method signature="runScenario(io.cucumber.testng.PickleWrapper, io.cucumber.testng.FeatureWrapper)[pri:0, instance:com.App.TestCases.testrunner@103f852]" started-at="2024-09-02T00:54:43Z" name="runScenario" description="Runs Cucumber Scenarios" data-provider="scenarios" finished-at="2024-09-02T00:54:57Z" duration-ms="14058" status="PASS">
          <params>
            <param index="0">
              <value>
                <![CDATA["Verify the presence and functionality of Birds icon"]]>
              </value>
            </param>
            <param index="1">
              <value>
                <![CDATA["Optional[Icons]"]]>
              </value>
            </param>
          </params>
          <reporter-output>
          </reporter-output>
        </test-method> <!-- runScenario -->
        <test-method signature="runScenario(io.cucumber.testng.PickleWrapper, io.cucumber.testng.FeatureWrapper)[pri:0, instance:com.App.TestCases.testrunner@103f852]" started-at="2024-09-02T00:54:57Z" name="runScenario" description="Runs Cucumber Scenarios" data-provider="scenarios" finished-at="2024-09-02T00:55:11Z" duration-ms="14095" status="PASS">
          <params>
            <param index="0">
              <value>
                <![CDATA["User registering with details"]]>
              </value>
            </param>
            <param index="1">
              <value>
                <![CDATA["Optional[User registration]"]]>
              </value>
            </param>
          </params>
          <reporter-output>
          </reporter-output>
        </test-method> <!-- runScenario -->
        <test-method signature="runScenario(io.cucumber.testng.PickleWrapper, io.cucumber.testng.FeatureWrapper)[pri:0, instance:com.App.TestCases.testrunner@103f852]" started-at="2024-09-02T00:55:11Z" name="runScenario" description="Runs Cucumber Scenarios" data-provider="scenarios" finished-at="2024-09-02T00:55:19Z" duration-ms="8451" status="PASS">
          <params>
            <param index="0">
              <value>
                <![CDATA["User registering with missing details"]]>
              </value>
            </param>
            <param index="1">
              <value>
                <![CDATA["Optional[User registration]"]]>
              </value>
            </param>
          </params>
          <reporter-output>
          </reporter-output>
        </test-method> <!-- runScenario -->
        <test-method signature="runScenario(io.cucumber.testng.PickleWrapper, io.cucumber.testng.FeatureWrapper)[pri:0, instance:com.App.TestCases.testrunner@103f852]" started-at="2024-09-02T00:55:19Z" name="runScenario" description="Runs Cucumber Scenarios" data-provider="scenarios" finished-at="2024-09-02T00:55:30Z" duration-ms="10515" status="PASS">
          <params>
            <param index="0">
              <value>
                <![CDATA["User can search for products"]]>
              </value>
            </param>
            <param index="1">
              <value>
                <![CDATA["Optional[Search a product]"]]>
              </value>
            </param>
          </params>
          <reporter-output>
          </reporter-output>
        </test-method> <!-- runScenario -->
        <test-method signature="runScenario(io.cucumber.testng.PickleWrapper, io.cucumber.testng.FeatureWrapper)[pri:0, instance:com.App.TestCases.testrunner@103f852]" started-at="2024-09-02T00:55:30Z" name="runScenario" description="Runs Cucumber Scenarios" data-provider="scenarios" finished-at="2024-09-02T00:55:38Z" duration-ms="7858" status="PASS">
          <params>
            <param index="0">
              <value>
                <![CDATA["Search without entering a product"]]>
              </value>
            </param>
            <param index="1">
              <value>
                <![CDATA["Optional[Search a product]"]]>
              </value>
            </param>
          </params>
          <reporter-output>
          </reporter-output>
        </test-method> <!-- runScenario -->
        <test-method signature="runScenario(io.cucumber.testng.PickleWrapper, io.cucumber.testng.FeatureWrapper)[pri:0, instance:com.App.TestCases.testrunner@103f852]" started-at="2024-09-02T00:55:38Z" name="runScenario" description="Runs Cucumber Scenarios" data-provider="scenarios" finished-at="2024-09-02T00:55:47Z" duration-ms="9179" status="PASS">
          <params>
            <param index="0">
              <value>
                <![CDATA["Change quantity of the product"]]>
              </value>
            </param>
            <param index="1">
              <value>
                <![CDATA["Optional[Shopping cart]"]]>
              </value>
            </param>
          </params>
          <reporter-output>
          </reporter-output>
        </test-method> <!-- runScenario -->
        <test-method signature="runScenario(io.cucumber.testng.PickleWrapper, io.cucumber.testng.FeatureWrapper)[pri:0, instance:com.App.TestCases.testrunner@103f852]" started-at="2024-09-02T00:55:47Z" name="runScenario" description="Runs Cucumber Scenarios" data-provider="scenarios" finished-at="2024-09-02T00:55:55Z" duration-ms="8589" status="PASS">
          <params>
            <param index="0">
              <value>
                <![CDATA["Remove product from shopping cart"]]>
              </value>
            </param>
            <param index="1">
              <value>
                <![CDATA["Optional[Shopping cart]"]]>
              </value>
            </param>
          </params>
          <reporter-output>
          </reporter-output>
        </test-method> <!-- runScenario -->
        <test-method signature="runScenario(io.cucumber.testng.PickleWrapper, io.cucumber.testng.FeatureWrapper)[pri:0, instance:com.App.TestCases.testrunner@103f852]" started-at="2024-09-02T00:55:55Z" name="runScenario" description="Runs Cucumber Scenarios" data-provider="scenarios" finished-at="2024-09-02T00:56:04Z" duration-ms="8491" status="PASS">
          <params>
            <param index="0">
              <value>
                <![CDATA["Verifying Sign In link"]]>
              </value>
            </param>
            <param index="1">
              <value>
                <![CDATA["Optional[verifying link]"]]>
              </value>
            </param>
          </params>
          <reporter-output>
          </reporter-output>
        </test-method> <!-- runScenario -->
        <test-method is-config="true" signature="tearDownClass()[pri:0, instance:com.App.TestCases.testrunner@103f852]" started-at="2024-09-02T00:56:04Z" name="tearDownClass" finished-at="2024-09-02T00:56:04Z" duration-ms="6" status="PASS">
          <reporter-output>
          </reporter-output>
        </test-method> <!-- tearDownClass -->
        <test-method signature="f()[pri:0, instance:com.App.TestCases.testrunner@103f852]" started-at="2024-09-02T00:56:04Z" name="f" finished-at="2024-09-02T00:56:04Z" duration-ms="0" status="PASS">
          <reporter-output>
          </reporter-output>
        </test-method> <!-- f -->
      </class> <!-- com.App.TestCases.testrunner -->
    </test> <!-- Surefire test -->
  </suite> <!-- Surefire suite -->
</testng-results>
