<?xml version="1.0" encoding="UTF-8"?>
<testsuite xmlns:xsi="http://www.w3.org/2001/XMLSchema-instance" xsi:noNamespaceSchemaLocation="https://maven.apache.org/surefire/maven-surefire-plugin/xsd/surefire-test-report.xsd" name="com.App.TestCases.testrunner" time="196.512" tests="18" errors="0" skipped="0" failures="0">
  <properties>
[...]
</properties>
  <testcase name="runScenario" classname="com.App.TestCases.testrunner" time="14.224"/>
  <testcase name="runScenario" classname="com.App.TestCases.testrunner" time="19.216"/>
  <testcase name="runScenario" classname="com.App.TestCases.testrunner" time="12.961"/>
  <testcase name="runScenario" classname="com.App.TestCases.testrunner" time="7.57"/>
  <testcase name="runScenario" classname="com.App.TestCases.testrunner" time="7.515"/>
  <testcase name="runScenario" classname="com.App.TestCases.testrunner" time="13.411"/>
  <testcase name="runScenario" classname="com.App.TestCases.testrunner" time="13.224"/>
  <testcase name="runScenario" classname="com.App.TestCases.testrunner" time="13.031"/>
  <testcase name="runScenario" classname="com.App.TestCases.testrunner" time="13.194"/>
  <testcase name="runScenario" classname="com.App.TestCases.testrunner" time="14.058"/>
  <testcase name="runScenario" classname="com.App.TestCases.testrunner" time="14.095"/>
  <testcase name="runScenario" classname="com.App.TestCases.testrunner" time="8.451"/>
  <testcase name="runScenario" classname="com.App.TestCases.testrunner" time="10.515"/>
  <testcase name="runScenario" classname="com.App.TestCases.testrunner" time="7.858"/>
  <testcase name="runScenario" classname="com.App.TestCases.testrunner" time="9.179"/>
  <testcase name="runScenario" classname="com.App.TestCases.testrunner" time="8.59"/>
  <testcase name="runScenario" classname="com.App.TestCases.testrunner" time="8.491"/>
  <testcase name="f" classname="com.App.TestCases.testrunner" time="0"/>
</testsuite>